[2025-12-06 08:07:46] ========================================
[2025-12-06 08:07:46] COMPREHENSIVE FIX - Starting
[2025-12-06 08:07:46] ========================================

[2025-12-06 08:07:46] 
[PHASE 1] Fixing Foreign Key Constraints...
[2025-12-06 08:07:46]   ✓ Dropped issues_project_id_fk
[2025-12-06 08:07:46]   ✓ Dropped project_members_project_id_fk
[2025-12-06 08:07:46]   ✓ Dropped boards_project_id_fk
[2025-12-06 08:07:46]   ✓ Dropped components_project_id_fk
[2025-12-06 08:07:46]   ✓ Dropped labels_project_id_fk
[2025-12-06 08:07:46]   ✓ Dropped versions_project_id_fk
[2025-12-06 08:07:46]   ✓ Created issues → projects (RESTRICT)
[2025-12-06 08:07:47]   ✓ Created project_members → projects (RESTRICT)
[2025-12-06 08:07:47]   ✓ Created boards → projects (RESTRICT)
[2025-12-06 08:07:47]   ✓ Created components → projects (RESTRICT)
[2025-12-06 08:07:47]   ✓ Created labels → projects (RESTRICT)
[2025-12-06 08:07:47]   ✓ Created versions → projects (RESTRICT)
[2025-12-06 08:07:47] 
[PHASE 2] Creating Missing Roles...
[2025-12-06 08:07:47]   ✓ Role already exists: admin
[2025-12-06 08:07:47]   ✓ Role already exists: project-admin
[2025-12-06 08:07:47]   ✓ Role already exists: project-manager
[2025-12-06 08:07:47]   ✓ Role already exists: developer
[2025-12-06 08:07:47]   ✓ Role already exists: qa-tester
[2025-12-06 08:07:47]   ✓ Role already exists: viewer
[2025-12-06 08:07:47] 
[PHASE 3] Verifying Workflow Setup...
[2025-12-06 08:07:47]   ✓ Default workflow exists
[2025-12-06 08:07:47]   ✓ Initial status: Open
[2025-12-06 08:07:47] 
[PHASE 4] Verifying Issue Types...
[2025-12-06 08:07:47]   ✓ Found 5 issue types
[2025-12-06 08:07:47] 
[PHASE 5] Testing Complete Flow...
[2025-12-06 08:07:47]   Creating test project...
[2025-12-06 08:07:47]     ✓ Project created (ID: 16)
[2025-12-06 08:07:47]     ✓ Project member added
[2025-12-06 08:07:47]   Creating test issue...
[2025-12-06 08:07:47]     ✓ Issue created (ID: 118)
[2025-12-06 08:07:47]   Adding test comment...
[2025-12-06 08:07:47]     ✓ Comment created (ID: 35)
[2025-12-06 08:07:47]     ✓ Project still exists
[2025-12-06 08:07:47]     ✓ Issue still exists
[2025-12-06 08:07:47]     ✓ Comment still exists
[2025-12-06 08:07:47]   Testing comment update...
[2025-12-06 08:07:47]     ✓ Comment updated successfully
[2025-12-06 08:07:47]     ✓ Update persisted correctly
[2025-12-06 08:07:47]   Testing comment delete...
[2025-12-06 08:07:47]     ✓ Comment deleted successfully
[2025-12-06 08:07:47]     ✓ Delete persisted correctly
[2025-12-06 08:07:47]     ✓ Issue still exists after comment operations
[2025-12-06 08:07:47]     ✓ Project still exists after all operations
[2025-12-06 08:07:47] 
========================================
[2025-12-06 08:07:47] ✅ ALL FIXES APPLIED AND VERIFIED!
[2025-12-06 08:07:47] ========================================
[2025-12-06 08:07:47] 
The system is now ready for testing.
[2025-12-06 08:07:47] You can create projects, issues, and comments.
[2025-12-06 08:07:47] Comment edit/delete should work without 404 errors.
[2025-12-06 08:07:47] Data will persist after page reload.

