[2025-12-06 07:36:55] === PROJECT CREATION DEBUG ===
[2025-12-06 07:36:55] 1. Checking database connection...
[2025-12-06 07:36:55]    ✓ Database connected
[2025-12-06 07:36:55] 2. Checking roles...
[2025-12-06 07:36:55]    - admin role: ID 1
[2025-12-06 07:36:55]    - project-admin role: ID 6
[2025-12-06 07:36:55] 3. Checking initial project count...
[2025-12-06 07:36:55]    Projects before: 5
[2025-12-06 07:36:55] 4. Attempting to create test project...
[2025-12-06 07:36:55]    - Starting transaction...
[2025-12-06 07:36:55]    - Inserting project...
[2025-12-06 07:36:55]    - Project inserted with ID: 13
[2025-12-06 07:36:55]    - ✓ Project verified in database
[2025-12-06 07:36:55]    - Looking for project-admin role...
[2025-12-06 07:36:55]    - Found project-admin role ID: 6
[2025-12-06 07:36:55]    - Inserting project member...
[2025-12-06 07:36:55]    - ✓ Project member inserted
[2025-12-06 07:36:55]    - Transaction ending successfully...
[2025-12-06 07:36:55] 5. Transaction completed successfully!
[2025-12-06 07:36:55]    Created project ID: 13
[2025-12-06 07:36:55] 6. Verifying project persistence...
[2025-12-06 07:36:55] ❌ Transaction failed: SQLSTATE[42000]: Syntax error or access violation: 1064 You have an error in your SQL syntax; check the manual that corresponds to your MariaDB server version for the right syntax to use near 'key, name FROM projects WHERE id = ?' at line 1
[2025-12-06 07:36:55]    Stack: #0 C:\xampp\htdocs\jira_clone_system\src\Core\Database.php(68): PDO->prepare('SELECT id, key,...')
#1 C:\xampp\htdocs\jira_clone_system\src\Core\Database.php(95): App\Core\Database::query('SELECT id, key,...', Array)
#2 C:\xampp\htdocs\jira_clone_system\debug_project_creation.php(96): App\Core\Database::selectOne('SELECT id, key,...', Array)
#3 {main}
[2025-12-06 07:36:55] === DEBUG COMPLETE ===

