Starting migration at 2026-01-08 11:01:33
=====================================================
   COMPREHENSIVE DATABASE RECONSTRUCTION TOOL
=====================================================
[1/5] Dropping and Recreating Database 'cways_prod'...
[2/5] Importing Comprehensive Schema...
   Schema imported successfully.
[3/5] Creating Default Users...
   Created 6 default users.
[4/5] Seeding Initial Data...
   Seeding complete.
[5/5] Finalizing...
=====================================================
SUCCESS! Database 'cways_prod' has been reconstructed.
 - Total Tables: 73
 - Users: 6
 - Issues: 13

Login Credentials:
 Email: admin@example.com
 Password: Admin@123
=====================================================
